  Lesson_05-Task_1.cpp
D:\Documents\MyPrograms\Synergy\Lesson_05-Task_1\Lesson_05-Task_1.cpp(20,13): warning C4566: символ, представленный универсальным именем символа "\u0412", невозможно представить в текущей кодовой странице (1252)
D:\Documents\MyPrograms\Synergy\Lesson_05-Task_1\Lesson_05-Task_1.cpp(20,13): warning C4566: символ, представленный универсальным именем символа "\u044B", невозможно представить в текущей кодовой странице (1252)
D:\Documents\MyPrograms\Synergy\Lesson_05-Task_1\Lesson_05-Task_1.cpp(20,13): warning C4566: символ, представленный универсальным именем символа "\u0432", невозможно представить в текущей кодовой странице (1252)
D:\Documents\MyPrograms\Synergy\Lesson_05-Task_1\Lesson_05-Task_1.cpp(20,13): warning C4566: символ, представленный универсальным именем символа "\u043E", невозможно представить в текущей кодовой странице (1252)
D:\Documents\MyPrograms\Synergy\Lesson_05-Task_1\Lesson_05-Task_1.cpp(20,13): warning C4566: символ, представленный универсальным именем символа "\u0434", невозможно представить в текущей кодовой странице (1252)
D:\Documents\MyPrograms\Synergy\Lesson_05-Task_1\Lesson_05-Task_1.cpp(20,13): warning C4566: символ, представленный универсальным именем символа "\u0430", невозможно представить в текущей кодовой странице (1252)
D:\Documents\MyPrograms\Synergy\Lesson_05-Task_1\Lesson_05-Task_1.cpp(20,13): warning C4566: символ, представленный универсальным именем символа "\u0440", невозможно представить в текущей кодовой странице (1252)
D:\Documents\MyPrograms\Synergy\Lesson_05-Task_1\Lesson_05-Task_1.cpp(20,13): warning C4566: символ, представленный универсальным именем символа "\u0435", невозможно представить в текущей кодовой странице (1252)
D:\Documents\MyPrograms\Synergy\Lesson_05-Task_1\Lesson_05-Task_1.cpp(20,13): warning C4566: символ, представленный универсальным именем символа "\u0441", невозможно представить в текущей кодовой странице (1252)
D:\Documents\MyPrograms\Synergy\Lesson_05-Task_1\Lesson_05-Task_1.cpp(20,13): warning C4566: символ, представленный универсальным именем символа "\u0443", невозможно представить в текущей кодовой странице (1252)
D:\Documents\MyPrograms\Synergy\Lesson_05-Task_1\Lesson_05-Task_1.cpp(20,13): warning C4566: символ, представленный универсальным именем символа "\u043A", невозможно представить в текущей кодовой странице (1252)
D:\Documents\MyPrograms\Synergy\Lesson_05-Task_1\Lesson_05-Task_1.cpp(20,13): warning C4566: символ, представленный универсальным именем символа "\u0437", невозможно представить в текущей кодовой странице (1252)
D:\Documents\MyPrograms\Synergy\Lesson_05-Task_1\Lesson_05-Task_1.cpp(20,13): warning C4566: символ, представленный универсальным именем символа "\u0442", невозможно представить в текущей кодовой странице (1252)
D:\Documents\MyPrograms\Synergy\Lesson_05-Task_1\Lesson_05-Task_1.cpp(20,13): warning C4566: символ, представленный универсальным именем символа "\u043B", невозможно представить в текущей кодовой странице (1252)
D:\Documents\MyPrograms\Synergy\Lesson_05-Task_1\Lesson_05-Task_1.cpp(20,13): warning C4566: символ, представленный универсальным именем символа "\u0439", невозможно представить в текущей кодовой странице (1252)
D:\Documents\MyPrograms\Synergy\Lesson_05-Task_1\Lesson_05-Task_1.cpp(26,13): warning C4566: символ, представленный универсальным именем символа "\u0412", невозможно представить в текущей кодовой странице (1252)
D:\Documents\MyPrograms\Synergy\Lesson_05-Task_1\Lesson_05-Task_1.cpp(26,13): warning C4566: символ, представленный универсальным именем символа "\u0432", невозможно представить в текущей кодовой странице (1252)
D:\Documents\MyPrograms\Synergy\Lesson_05-Task_1\Lesson_05-Task_1.cpp(26,13): warning C4566: символ, представленный универсальным именем символа "\u0435", невозможно представить в текущей кодовой странице (1252)
D:\Documents\MyPrograms\Synergy\Lesson_05-Task_1\Lesson_05-Task_1.cpp(26,13): warning C4566: символ, представленный универсальным именем символа "\u0434", невозможно представить в текущей кодовой странице (1252)
D:\Documents\MyPrograms\Synergy\Lesson_05-Task_1\Lesson_05-Task_1.cpp(26,13): warning C4566: символ, представленный универсальным именем символа "\u0438", невозможно представить в текущей кодовой странице (1252)
D:\Documents\MyPrograms\Synergy\Lesson_05-Task_1\Lesson_05-Task_1.cpp(26,13): warning C4566: символ, представленный универсальным именем символа "\u0442", невозможно представить в текущей кодовой странице (1252)
D:\Documents\MyPrograms\Synergy\Lesson_05-Task_1\Lesson_05-Task_1.cpp(26,13): warning C4566: символ, представленный универсальным именем символа "\u0447", невозможно представить в текущей кодовой странице (1252)
D:\Documents\MyPrograms\Synergy\Lesson_05-Task_1\Lesson_05-Task_1.cpp(26,13): warning C4566: символ, представленный универсальным именем символа "\u0441", невозможно представить в текущей кодовой странице (1252)
D:\Documents\MyPrograms\Synergy\Lesson_05-Task_1\Lesson_05-Task_1.cpp(26,13): warning C4566: символ, представленный универсальным именем символа "\u043B", невозможно представить в текущей кодовой странице (1252)
D:\Documents\MyPrograms\Synergy\Lesson_05-Task_1\Lesson_05-Task_1.cpp(26,13): warning C4566: символ, представленный универсальным именем символа "\u043E", невозможно представить в текущей кодовой странице (1252)
D:\Documents\MyPrograms\Synergy\Lesson_05-Task_1\Lesson_05-Task_1.cpp(28,13): warning C4566: символ, представленный универсальным именем символа "\u0412", невозможно представить в текущей кодовой странице (1252)
D:\Documents\MyPrograms\Synergy\Lesson_05-Task_1\Lesson_05-Task_1.cpp(28,13): warning C4566: символ, представленный универсальным именем символа "\u0432", невозможно представить в текущей кодовой странице (1252)
D:\Documents\MyPrograms\Synergy\Lesson_05-Task_1\Lesson_05-Task_1.cpp(28,13): warning C4566: символ, представленный универсальным именем символа "\u0435", невозможно представить в текущей кодовой странице (1252)
D:\Documents\MyPrograms\Synergy\Lesson_05-Task_1\Lesson_05-Task_1.cpp(28,13): warning C4566: символ, представленный универсальным именем символа "\u0434", невозможно представить в текущей кодовой странице (1252)
D:\Documents\MyPrograms\Synergy\Lesson_05-Task_1\Lesson_05-Task_1.cpp(28,13): warning C4566: символ, представленный универсальным именем символа "\u0438", невозможно представить в текущей кодовой странице (1252)
D:\Documents\MyPrograms\Synergy\Lesson_05-Task_1\Lesson_05-Task_1.cpp(28,13): warning C4566: символ, представленный универсальным именем символа "\u0442", невозможно представить в текущей кодовой странице (1252)
D:\Documents\MyPrograms\Synergy\Lesson_05-Task_1\Lesson_05-Task_1.cpp(28,13): warning C4566: символ, представленный универсальным именем символа "\u0447", невозможно представить в текущей кодовой странице (1252)
D:\Documents\MyPrograms\Synergy\Lesson_05-Task_1\Lesson_05-Task_1.cpp(28,13): warning C4566: символ, представленный универсальным именем символа "\u0441", невозможно представить в текущей кодовой странице (1252)
D:\Documents\MyPrograms\Synergy\Lesson_05-Task_1\Lesson_05-Task_1.cpp(28,13): warning C4566: символ, представленный универсальным именем символа "\u043B", невозможно представить в текущей кодовой странице (1252)
D:\Documents\MyPrograms\Synergy\Lesson_05-Task_1\Lesson_05-Task_1.cpp(28,13): warning C4566: символ, представленный универсальным именем символа "\u043E", невозможно представить в текущей кодовой странице (1252)
D:\Documents\MyPrograms\Synergy\Lesson_05-Task_1\Lesson_05-Task_1.cpp(30,13): warning C4566: символ, представленный универсальным именем символа "\u0412", невозможно представить в текущей кодовой странице (1252)
D:\Documents\MyPrograms\Synergy\Lesson_05-Task_1\Lesson_05-Task_1.cpp(30,13): warning C4566: символ, представленный универсальным именем символа "\u0432", невозможно представить в текущей кодовой странице (1252)
D:\Documents\MyPrograms\Synergy\Lesson_05-Task_1\Lesson_05-Task_1.cpp(30,13): warning C4566: символ, представленный универсальным именем символа "\u0435", невозможно представить в текущей кодовой странице (1252)
D:\Documents\MyPrograms\Synergy\Lesson_05-Task_1\Lesson_05-Task_1.cpp(30,13): warning C4566: символ, представленный универсальным именем символа "\u0434", невозможно представить в текущей кодовой странице (1252)
D:\Documents\MyPrograms\Synergy\Lesson_05-Task_1\Lesson_05-Task_1.cpp(30,13): warning C4566: символ, представленный универсальным именем символа "\u0438", невозможно представить в текущей кодовой странице (1252)
D:\Documents\MyPrograms\Synergy\Lesson_05-Task_1\Lesson_05-Task_1.cpp(30,13): warning C4566: символ, представленный универсальным именем символа "\u0442", невозможно представить в текущей кодовой странице (1252)
D:\Documents\MyPrograms\Synergy\Lesson_05-Task_1\Lesson_05-Task_1.cpp(30,13): warning C4566: символ, представленный универсальным именем символа "\u0447", невозможно представить в текущей кодовой странице (1252)
D:\Documents\MyPrograms\Synergy\Lesson_05-Task_1\Lesson_05-Task_1.cpp(30,13): warning C4566: символ, представленный универсальным именем символа "\u0441", невозможно представить в текущей кодовой странице (1252)
D:\Documents\MyPrograms\Synergy\Lesson_05-Task_1\Lesson_05-Task_1.cpp(30,13): warning C4566: символ, представленный универсальным именем символа "\u043B", невозможно представить в текущей кодовой странице (1252)
D:\Documents\MyPrograms\Synergy\Lesson_05-Task_1\Lesson_05-Task_1.cpp(30,13): warning C4566: символ, представленный универсальным именем символа "\u043E", невозможно представить в текущей кодовой странице (1252)
D:\Documents\MyPrograms\Synergy\Lesson_05-Task_1\Lesson_05-Task_1.cpp(32,13): warning C4566: символ, представленный универсальным именем символа "\u0412", невозможно представить в текущей кодовой странице (1252)
D:\Documents\MyPrograms\Synergy\Lesson_05-Task_1\Lesson_05-Task_1.cpp(32,13): warning C4566: символ, представленный универсальным именем символа "\u0432", невозможно представить в текущей кодовой странице (1252)
D:\Documents\MyPrograms\Synergy\Lesson_05-Task_1\Lesson_05-Task_1.cpp(32,13): warning C4566: символ, представленный универсальным именем символа "\u0435", невозможно представить в текущей кодовой странице (1252)
D:\Documents\MyPrograms\Synergy\Lesson_05-Task_1\Lesson_05-Task_1.cpp(32,13): warning C4566: символ, представленный универсальным именем символа "\u0434", невозможно представить в текущей кодовой странице (1252)
D:\Documents\MyPrograms\Synergy\Lesson_05-Task_1\Lesson_05-Task_1.cpp(32,13): warning C4566: символ, представленный универсальным именем символа "\u0438", невозможно представить в текущей кодовой странице (1252)
D:\Documents\MyPrograms\Synergy\Lesson_05-Task_1\Lesson_05-Task_1.cpp(32,13): warning C4566: символ, представленный универсальным именем символа "\u0442", невозможно представить в текущей кодовой странице (1252)
D:\Documents\MyPrograms\Synergy\Lesson_05-Task_1\Lesson_05-Task_1.cpp(32,13): warning C4566: символ, представленный универсальным именем символа "\u043B", невозможно представить в текущей кодовой странице (1252)
D:\Documents\MyPrograms\Synergy\Lesson_05-Task_1\Lesson_05-Task_1.cpp(35,13): warning C4566: символ, представленный универсальным именем символа "\u0412", невозможно представить в текущей кодовой странице (1252)
D:\Documents\MyPrograms\Synergy\Lesson_05-Task_1\Lesson_05-Task_1.cpp(35,13): warning C4566: символ, представленный универсальным именем символа "\u044B", невозможно представить в текущей кодовой странице (1252)
D:\Documents\MyPrograms\Synergy\Lesson_05-Task_1\Lesson_05-Task_1.cpp(35,13): warning C4566: символ, представленный универсальным именем символа "\u0432", невозможно представить в текущей кодовой странице (1252)
D:\Documents\MyPrograms\Synergy\Lesson_05-Task_1\Lesson_05-Task_1.cpp(35,13): warning C4566: символ, представленный универсальным именем символа "\u043E", невозможно представить в текущей кодовой странице (1252)
D:\Documents\MyPrograms\Synergy\Lesson_05-Task_1\Lesson_05-Task_1.cpp(35,13): warning C4566: символ, представленный универсальным именем символа "\u0434", невозможно представить в текущей кодовой странице (1252)
D:\Documents\MyPrograms\Synergy\Lesson_05-Task_1\Lesson_05-Task_1.cpp(35,13): warning C4566: символ, представленный универсальным именем символа "\u043F", невозможно представить в текущей кодовой странице (1252)
D:\Documents\MyPrograms\Synergy\Lesson_05-Task_1\Lesson_05-Task_1.cpp(35,13): warning C4566: символ, представленный универсальным именем символа "\u0435", невозможно представить в текущей кодовой странице (1252)
D:\Documents\MyPrograms\Synergy\Lesson_05-Task_1\Lesson_05-Task_1.cpp(35,13): warning C4566: символ, представленный универсальным именем символа "\u0440", невозможно представить в текущей кодовой странице (1252)
D:\Documents\MyPrograms\Synergy\Lesson_05-Task_1\Lesson_05-Task_1.cpp(35,13): warning C4566: символ, представленный универсальным именем символа "\u0430", невозможно представить в текущей кодовой странице (1252)
D:\Documents\MyPrograms\Synergy\Lesson_05-Task_1\Lesson_05-Task_1.cpp(35,13): warning C4566: символ, представленный универсальным именем символа "\u0446", невозможно представить в текущей кодовой странице (1252)
D:\Documents\MyPrograms\Synergy\Lesson_05-Task_1\Lesson_05-Task_1.cpp(35,13): warning C4566: символ, представленный универсальным именем символа "\u0438", невозможно представить в текущей кодовой странице (1252)
D:\Documents\MyPrograms\Synergy\Lesson_05-Task_1\Lesson_05-Task_1.cpp(35,13): warning C4566: символ, представленный универсальным именем символа "\u0439", невозможно представить в текущей кодовой странице (1252)
D:\Documents\MyPrograms\Synergy\Lesson_05-Task_1\Lesson_05-Task_1.cpp(35,13): warning C4566: символ, представленный универсальным именем символа "\u0437", невозможно представить в текущей кодовой странице (1252)
D:\Documents\MyPrograms\Synergy\Lesson_05-Task_1\Lesson_05-Task_1.cpp(35,13): warning C4566: символ, представленный универсальным именем символа "\u043C", невозможно представить в текущей кодовой странице (1252)
D:\Documents\MyPrograms\Synergy\Lesson_05-Task_1\Lesson_05-Task_1.cpp(35,13): warning C4566: символ, представленный универсальным именем символа "\u043D", невозможно представить в текущей кодовой странице (1252)
  Lesson_05-Task_1.vcxproj -> D:\Documents\MyPrograms\Synergy\Lesson_05-Task_1\Debug\Lesson_05-Task_1.exe
